Change Component Designator: OldDesignator=TB6612FNG NewDesignator=直流电机驱动
Added Component: Designator=JP12(HDR2.54-M-LI-6P)
Add component (AddParameter): Name = "BOM名称"; Value = "6P接插件"; VariantName = "[No Variations]"
Add component (AddParameter): Name = "学习资源"; Value = "https://shop463601444.taobao.com"; VariantName = "[No Variations]"
Add component (AddParameter): Name = "版权归属"; Value = "封装库来自淘宝 ID：黄晶宝石"; VariantName = "[No Variations]"
Added Component: Designator=P1(HDR2.54-M-LI-8P)
Add component (AddParameter): Name = "LatestRevisionDate"; Value = "17-Jul-2002"; VariantName = "[No Variations]"
Add component (AddParameter): Name = "LatestRevisionNote"; Value = "Re-released for DXP Platform."; VariantName = "[No Variations]"
Add component (AddParameter): Name = "Publisher"; Value = "Altium Limited"; VariantName = "[No Variations]"
Added Component: Designator=P6(HDR2.54-M-LI-8P)
Add component (AddParameter): Name = "LatestRevisionDate"; Value = "17-Jul-2002"; VariantName = "[No Variations]"
Add component (AddParameter): Name = "LatestRevisionNote"; Value = "Re-released for DXP Platform."; VariantName = "[No Variations]"
Add component (AddParameter): Name = "Publisher"; Value = "Altium Limited"; VariantName = "[No Variations]"
Added Pin To Net: NetName=+5 Pin=JP12-1
Added Pin To Net: NetName=AIN2 Pin=JP12-2
Added Pin To Net: NetName=AT_TX Pin=JP12-3
Added Pin To Net: NetName=AT_RX Pin=JP12-4
Added Pin To Net: NetName=AT_AUX Pin=JP12-5
Added Pin To Net: NetName=AT_MDO Pin=JP12-6
Added Pin To Net: NetName=AIN2 Pin=P1-1
Added Pin To Net: NetName=M1- Pin=P1-2
Added Pin To Net: NetName=M1+ Pin=P1-3
Added Pin To Net: NetName=M2- Pin=P1-4
Added Pin To Net: NetName=M2+ Pin=P1-5
Added Pin To Net: NetName=AIN2 Pin=P1-6
Added Pin To Net: NetName=AIN1 Pin=P1-7
Added Pin To Net: NetName=VM Pin=P1-8
Added Pin To Net: NetName=PB5 Pin=P6-1
Added Pin To Net: NetName=AIN2 Pin=P6-2
Added Pin To Net: NetName=AIN1 Pin=P6-3
Added Pin To Net: NetName=AIN1 Pin=P6-4
Added Pin To Net: NetName=AIN2 Pin=P6-5
Added Pin To Net: NetName=AIN1 Pin=P6-6
Added Pin To Net: NetName=PB4 Pin=P6-7
Added Pin To Net: NetName=AIN2 Pin=P6-8
Added Member To Class: ClassName=SFYTH_Sheet1 Member=Component JP12 HDR-1X6
Added Member To Class: ClassName=SFYTH_Sheet1 Member=Component P1 Header 8
Added Member To Class: ClassName=SFYTH_Sheet1 Member=Component P6 Header 8
Added Room: Name=SFYTH_Sheet1
