Change Component Footprint: Designator=JP9 Old Footprint=XH2.54-WI-4P New Footprint=HDR2.54-M-LI-4P
Added Component: Designator=P2(HDR2.54-LI-15P)
Add component. Clean all parameters for all variants
Add component (AddParameter): Name = "LatestRevisionDate"; Value = "17-Jul-2002"; VariantName = "[No Variations]"
Add component (AddParameter): Name = "LatestRevisionNote"; Value = "Re-released for DXP Platform."; VariantName = "[No Variations]"
Add component (AddParameter): Name = "Publisher"; Value = "Altium Limited"; VariantName = "[No Variations]"
Added Component: Designator=P3(HDR2.54-LI-15P)
Add component. Clean all parameters for all variants
Add component (AddParameter): Name = "LatestRevisionDate"; Value = "17-Jul-2002"; VariantName = "[No Variations]"
Add component (AddParameter): Name = "LatestRevisionNote"; Value = "Re-released for DXP Platform."; VariantName = "[No Variations]"
Add component (AddParameter): Name = "Publisher"; Value = "Altium Limited"; VariantName = "[No Variations]"
Added Component: Designator=P4(HDR2.54-LI-15P)
Add component. Clean all parameters for all variants
Add component (AddParameter): Name = "LatestRevisionDate"; Value = "17-Jul-2002"; VariantName = "[No Variations]"
Add component (AddParameter): Name = "LatestRevisionNote"; Value = "Re-released for DXP Platform."; VariantName = "[No Variations]"
Add component (AddParameter): Name = "Publisher"; Value = "Altium Limited"; VariantName = "[No Variations]"
Added Component: Designator=P5(HDR2.54-LI-15P)
Add component. Clean all parameters for all variants
Add component (AddParameter): Name = "LatestRevisionDate"; Value = "17-Jul-2002"; VariantName = "[No Variations]"
Add component (AddParameter): Name = "LatestRevisionNote"; Value = "Re-released for DXP Platform."; VariantName = "[No Variations]"
Add component (AddParameter): Name = "Publisher"; Value = "Altium Limited"; VariantName = "[No Variations]"
Added Pin To Net: NetName=PA2 Pin=P2-1
Added Pin To Net: NetName=ADC1 Pin=P2-2
Added Pin To Net: NetName=PA0 Pin=P2-3
Added Pin To Net: NetName=VCC3.3 Pin=P2-4
Added Pin To Net: NetName=AIN2 Pin=P2-5
Added Pin To Net: NetName=PC3 Pin=P2-6
Added Pin To Net: NetName=PC2 Pin=P2-7
Added Pin To Net: NetName=KEY0 Pin=P2-8
Added Pin To Net: NetName=PC0 Pin=P2-9
Added Pin To Net: NetName=PD1 Pin=P2-10
Added Pin To Net: NetName=PD0 Pin=P2-11
Added Pin To Net: NetName=PC15 Pin=P2-12
Added Pin To Net: NetName=PC14 Pin=P2-13
Added Pin To Net: NetName=PC13 Pin=P2-14
Added Pin To Net: NetName=+5 Pin=P2-15
Added Pin To Net: NetName=AIN2 Pin=P3-1
Added Pin To Net: NetName=VCC3.3 Pin=P3-2
Added Pin To Net: NetName=PB9 Pin=P3-3
Added Pin To Net: NetName=PB8 Pin=P3-4
Added Pin To Net: NetName=PB7 Pin=P3-5
Added Pin To Net: NetName=PB6 Pin=P3-6
Added Pin To Net: NetName=PB5 Pin=P3-7
Added Pin To Net: NetName=PB4 Pin=P3-8
Added Pin To Net: NetName=JTDO/PB3 Pin=P3-9
Added Pin To Net: NetName=LED1 Pin=P3-10
Added Pin To Net: NetName=PC12 Pin=P3-11
Added Pin To Net: NetName=PC11 Pin=P3-12
Added Pin To Net: NetName=PC10 Pin=P3-13
Added Pin To Net: NetName=PA15 Pin=P3-14
Added Pin To Net: NetName=JTCK/SWCLK Pin=P3-15
Added Pin To Net: NetName=AIN2 Pin=P4-1
Added Pin To Net: NetName=PB11 Pin=P4-2
Added Pin To Net: NetName=PB10 Pin=P4-3
Added Pin To Net: NetName=BOOT1 Pin=P4-4
Added Pin To Net: NetName=PB1 Pin=P4-5
Added Pin To Net: NetName=PB0 Pin=P4-6
Added Pin To Net: NetName=PC5 Pin=P4-7
Added Pin To Net: NetName=PC4 Pin=P4-8
Added Pin To Net: NetName=PA7 Pin=P4-9
Added Pin To Net: NetName=PA6 Pin=P4-10
Added Pin To Net: NetName=PA5 Pin=P4-11
Added Pin To Net: NetName=PA4 Pin=P4-12
Added Pin To Net: NetName=VCC3.3 Pin=P4-13
Added Pin To Net: NetName=AIN2 Pin=P4-14
Added Pin To Net: NetName=PA3 Pin=P4-15
Added Pin To Net: NetName=+5 Pin=P5-1
Added Pin To Net: NetName=JTMS/SWDIO Pin=P5-2
Added Pin To Net: NetName=PA12 Pin=P5-3
Added Pin To Net: NetName=PA11 Pin=P5-4
Added Pin To Net: NetName=PA10 Pin=P5-5
Added Pin To Net: NetName=PA9 Pin=P5-6
Added Pin To Net: NetName=LED0 Pin=P5-7
Added Pin To Net: NetName=PC9 Pin=P5-8
Added Pin To Net: NetName=PC8 Pin=P5-9
Added Pin To Net: NetName=PC7 Pin=P5-10
Added Pin To Net: NetName=PC6 Pin=P5-11
Added Pin To Net: NetName=PB15 Pin=P5-12
Added Pin To Net: NetName=PB14 Pin=P5-13
Added Pin To Net: NetName=PB13 Pin=P5-14
Added Pin To Net: NetName=DS18B20 Pin=P5-15
Added Member To Class: ClassName=SFYTH_Sheet1 Member=Component P2 Header 15
Added Member To Class: ClassName=SFYTH_Sheet1 Member=Component P3 Header 15
Added Member To Class: ClassName=SFYTH_Sheet1 Member=Component P4 Header 15
Added Member To Class: ClassName=SFYTH_Sheet1 Member=Component P5 Header 15
Added Room: Name=SFYTH_Sheet1
