Added Component: Designator=V1(SOT223_L)
Add component (AddParameter): Name = "BOM√˚≥∆"; Value = "Œ»—π–æ∆¨"; VariantName = "[No Variations]"
Add component (AddParameter): Name = "ª∂”≠π‚¡ŸÃ‘±¶µÍ∆Ã"; Value = "https://shop463601444.taobao.com"; VariantName = "[No Variations]"
Add component (AddParameter): Name = "Ã‘±¶ID"; Value = "∑‚◊∞ø‚¿¥◊‘Ã‘±¶ ID£∫ª∆æß±¶ Ø"; VariantName = "[No Variations]"
Added Component: Designator=V2(SOT223_L)
Add component (AddParameter): Name = "BOM√˚≥∆"; Value = "Œ»—π–æ∆¨"; VariantName = "[No Variations]"
Add component (AddParameter): Name = "ª∂”≠π‚¡ŸÃ‘±¶µÍ∆Ã"; Value = "https://shop463601444.taobao.com"; VariantName = "[No Variations]"
Add component (AddParameter): Name = "Ã‘±¶ID"; Value = "∑‚◊∞ø‚¿¥◊‘Ã‘±¶ ID£∫ª∆æß±¶ Ø"; VariantName = "[No Variations]"
Added Pin To Net: NetName=+5 Pin=V1-3
Added Pin To Net: NetName=+5 Pin=V2-2
Added Net: Name=+5
Added Net: Name=ADC1
Added Net: Name=AIN1
Added Pin To Net: NetName=AIN2 Pin=V1-1
Added Pin To Net: NetName=AIN2 Pin=V2-1
Added Net: Name=AIN2
Added Net: Name=A
Added Net: Name=BOOT0
Added Net: Name=BOOT1
Added Net: Name=B
Added Net: Name=DO
Added Net: Name=DS18B20
Added Net: Name=JTCK/SWCLK
Added Net: Name=JTDO/PB3
Added Net: Name=JTMS/SWDIO
Added Net: Name=KEY0
Added Net: Name=LED0
Added Net: Name=LED1
Added Net: Name=M1+
Added Net: Name=M1-
Added Net: Name=M2+
Added Net: Name=M2-
Added Net: Name=M3+
Added Net: Name=M3-
Added Net: Name=M4+
Added Net: Name=M4-
Added Net: Name=NetC15_2
Added Net: Name=NetC17_2
Added Net: Name=NetIC2_13
Added Net: Name=NetIC2_14
Added Net: Name=NetJP2_3
Added Net: Name=NetJP2_4
Added Net: Name=NetLED1_2
Added Net: Name=NetQ1_2
Added Net: Name=NetQ2_2
Added Net: Name=OSC_IN2
Added Net: Name=OSC_OUT2
Added Net: Name=PA0
Added Net: Name=PA2
Added Net: Name=PA3
Added Net: Name=PA4
Added Net: Name=PA5
Added Net: Name=PA6
Added Net: Name=PA7
Added Net: Name=PA9
Added Net: Name=PA10
Added Net: Name=PA11
Added Net: Name=PA12
Added Net: Name=PA15
Added Net: Name=PB0
Added Net: Name=PB1
Added Net: Name=PB4
Added Net: Name=PB5
Added Net: Name=PB6
Added Net: Name=PB7
Added Net: Name=PB8
Added Net: Name=PB9
Added Net: Name=PB10
Added Net: Name=PB11
Added Net: Name=PB13
Added Net: Name=PB14
Added Net: Name=PB15
Added Net: Name=PC0
Added Net: Name=PC2
Added Net: Name=PC3
Added Net: Name=PC4
Added Net: Name=PC5
Added Net: Name=PC6
Added Net: Name=PC7
Added Net: Name=PC8
Added Net: Name=PC9
Added Net: Name=PC10
Added Net: Name=PC11
Added Net: Name=PC12
Added Net: Name=PC13
Added Net: Name=PC14
Added Net: Name=PC15
Added Net: Name=RESET
Added Net: Name=USB_D+
Added Net: Name=USB_D-
Added Pin To Net: NetName=VCC3.3 Pin=V1-2
Added Net: Name=VCC3.3
Added Pin To Net: NetName=VM Pin=V2-3
Added Net: Name=VM
Added Class: Name=SFYTH_Sheet1
Added Room: Name=SFYTH_Sheet1
